2024-12-10 10:09:31 warning: file_put_contents(C:\xampp\htdocs\my_sleep_appli\config\Migrations\schema-dump-default.lock): Failed to open stream: No such file or directory
Trace:
C:\xampp\htdocs\my_sleep_appli\vendor\cakephp\migrations\src\Command\DumpCommand.php C:\xampp\htdocs\my_sleep_appli\vendor\cakephp\migrations\src\Command\DumpCommand.php, line 139
Migrations\Command\DumpCommand->execute() C:\xampp\htdocs\my_sleep_appli\vendor\cakephp\cakephp\src\Console\BaseCommand.php, line 204
Cake\Console\BaseCommand->run() C:\xampp\htdocs\my_sleep_appli\vendor\cakephp\cakephp\src\Console\BaseCommand.php, line 296
Cake\Console\BaseCommand->executeCommand() C:\xampp\htdocs\my_sleep_appli\vendor\cakephp\migrations\src\Command\MigrateCommand.php, line 181
Migrations\Command\MigrateCommand->executeMigrations() C:\xampp\htdocs\my_sleep_appli\vendor\cakephp\migrations\src\Command\MigrateCommand.php, line 107
Migrations\Command\MigrateCommand->execute() C:\xampp\htdocs\my_sleep_appli\vendor\cakephp\cakephp\src\Console\BaseCommand.php, line 204
Cake\Console\BaseCommand->run() C:\xampp\htdocs\my_sleep_appli\vendor\cakephp\cakephp\src\Console\CommandRunner.php, line 330
Cake\Console\CommandRunner->runCommand() C:\xampp\htdocs\my_sleep_appli\vendor\cakephp\cakephp\src\Console\CommandRunner.php, line 168
Cake\Console\CommandRunner->run() C:\xampp\htdocs\my_sleep_appli\bin\cake.php, line 10
[main]

2024-12-10 10:11:11 warning: file_put_contents(C:\xampp\htdocs\my_sleep_appli\config\Migrations\schema-dump-default.lock): Failed to open stream: No such file or directory
Trace:
C:\xampp\htdocs\my_sleep_appli\vendor\cakephp\migrations\src\Command\DumpCommand.php C:\xampp\htdocs\my_sleep_appli\vendor\cakephp\migrations\src\Command\DumpCommand.php, line 139
Migrations\Command\DumpCommand->execute() C:\xampp\htdocs\my_sleep_appli\vendor\cakephp\cakephp\src\Console\BaseCommand.php, line 204
Cake\Console\BaseCommand->run() C:\xampp\htdocs\my_sleep_appli\vendor\cakephp\cakephp\src\Console\BaseCommand.php, line 296
Cake\Console\BaseCommand->executeCommand() C:\xampp\htdocs\my_sleep_appli\vendor\cakephp\migrations\src\Command\MigrateCommand.php, line 181
Migrations\Command\MigrateCommand->executeMigrations() C:\xampp\htdocs\my_sleep_appli\vendor\cakephp\migrations\src\Command\MigrateCommand.php, line 107
Migrations\Command\MigrateCommand->execute() C:\xampp\htdocs\my_sleep_appli\vendor\cakephp\cakephp\src\Console\BaseCommand.php, line 204
Cake\Console\BaseCommand->run() C:\xampp\htdocs\my_sleep_appli\vendor\cakephp\cakephp\src\Console\CommandRunner.php, line 330
Cake\Console\CommandRunner->runCommand() C:\xampp\htdocs\my_sleep_appli\vendor\cakephp\cakephp\src\Console\CommandRunner.php, line 168
Cake\Console\CommandRunner->run() C:\xampp\htdocs\my_sleep_appli\bin\cake.php, line 10
[main]

2024-12-10 11:15:11 warning: Undefined property: App\Application::$Authentication
Trace:
App\Application->bootstrap() C:\xampp\htdocs\my_sleep_appli\vendor\cakephp\cakephp\src\Console\CommandRunner.php, line 190
Cake\Console\CommandRunner->bootstrap() C:\xampp\htdocs\my_sleep_appli\vendor\cakephp\cakephp\src\Console\CommandRunner.php, line 137
Cake\Console\CommandRunner->run() C:\xampp\htdocs\my_sleep_appli\bin\cake.php, line 10
[main]

2024-12-10 11:15:11 error: [Error] Call to a member function addAuthenticator() on null in C:\xampp\htdocs\my_sleep_appli\src\Application.php on line 53
Stack Trace:
- CORE\src\Console\CommandRunner.php:190
- CORE\src\Console\CommandRunner.php:137
- ROOT\bin\cake.php:10
- [main]:

2024-12-10 11:16:33 warning: Undefined property: App\Application::$Authentication
Trace:
App\Application->bootstrap() C:\xampp\htdocs\my_sleep_appli\vendor\cakephp\cakephp\src\Console\CommandRunner.php, line 190
Cake\Console\CommandRunner->bootstrap() C:\xampp\htdocs\my_sleep_appli\vendor\cakephp\cakephp\src\Console\CommandRunner.php, line 137
Cake\Console\CommandRunner->run() C:\xampp\htdocs\my_sleep_appli\bin\cake.php, line 10
[main]

2024-12-10 11:16:33 error: [Error] Call to a member function addAuthenticator() on null in C:\xampp\htdocs\my_sleep_appli\src\Application.php on line 53
Stack Trace:
- CORE\src\Console\CommandRunner.php:190
- CORE\src\Console\CommandRunner.php:137
- ROOT\bin\cake.php:10
- [main]:

2024-12-10 16:15:37 error: [Cake\Database\Exception\DatabaseException] SQLSTATE[42S02]: Base table or view not found: 1146 Table 'sleep_tracker.menus' doesn't exist in C:\xampp\htdocs\my_sleep_appli\vendor\cakephp\cakephp\src\Database\Schema\Collection.php on line 158
Stack Trace:
- CORE\src\Database\Schema\Collection.php:116
- CORE\src\ORM\Table.php:546
- ROOT\vendor\cakephp\bake\src\Command\ModelCommand.php:116
- ROOT\vendor\cakephp\bake\src\Command\ModelCommand.php:99
- ROOT\vendor\cakephp\bake\src\Command\AllCommand.php:116
- CORE\src\Console\BaseCommand.php:204
- CORE\src\Console\CommandRunner.php:330
- CORE\src\Console\CommandRunner.php:168
- ROOT\bin\cake.php:10
- [main]:

Caused by: [Cake\Database\Exception\QueryException] SQLSTATE[42S02]: Base table or view not found: 1146 Table 'sleep_tracker.menus' doesn't exist in C:\xampp\htdocs\my_sleep_appli\vendor\cakephp\cakephp\src\Database\Driver.php on line 383
Stack Trace:
- CORE\src\Database\Driver.php:330
- CORE\src\Database\Driver.php:296
- CORE\src\Database\Connection.php:268
- CORE\src\Core\Retry\CommandRetry.php:71
- CORE\src\Database\Connection.php:268
- CORE\src\Database\Schema\Collection.php:156
- CORE\src\Database\Schema\Collection.php:116
- CORE\src\ORM\Table.php:546
- ROOT\vendor\cakephp\bake\src\Command\ModelCommand.php:116
- ROOT\vendor\cakephp\bake\src\Command\ModelCommand.php:99
- ROOT\vendor\cakephp\bake\src\Command\AllCommand.php:116
- CORE\src\Console\BaseCommand.php:204
- CORE\src\Console\CommandRunner.php:330
- CORE\src\Console\CommandRunner.php:168
- ROOT\bin\cake.php:10
- [main]:

Caused by: [PDOException] SQLSTATE[42S02]: Base table or view not found: 1146 Table 'sleep_tracker.menus' doesn't exist in C:\xampp\htdocs\my_sleep_appli\vendor\cakephp\cakephp\src\Database\Statement\Statement.php on line 146
Stack Trace:
- CORE\src\Database\Statement\Statement.php:146
- CORE\src\Database\Driver.php:328
- CORE\src\Database\Driver.php:296
- CORE\src\Database\Connection.php:268
- CORE\src\Core\Retry\CommandRetry.php:71
- CORE\src\Database\Connection.php:268
- CORE\src\Database\Schema\Collection.php:156
- CORE\src\Database\Schema\Collection.php:116
- CORE\src\ORM\Table.php:546
- ROOT\vendor\cakephp\bake\src\Command\ModelCommand.php:116
- ROOT\vendor\cakephp\bake\src\Command\ModelCommand.php:99
- ROOT\vendor\cakephp\bake\src\Command\AllCommand.php:116
- CORE\src\Console\BaseCommand.php:204
- CORE\src\Console\CommandRunner.php:330
- CORE\src\Console\CommandRunner.php:168
- ROOT\bin\cake.php:10
- [main]:

2024-12-16 20:15:47 error: [Cake\Database\Exception\DatabaseException] SQLSTATE[42S02]: Base table or view not found: 1146 Table 'sleep_tracker.menus' doesn't exist in C:\xampp\htdocs\my_sleep_appli\vendor\cakephp\cakephp\src\Database\Schema\Collection.php on line 158
Stack Trace:
- CORE\src\Database\Schema\Collection.php:116
- CORE\src\ORM\Table.php:546
- ROOT\vendor\cakephp\bake\src\Command\ModelCommand.php:116
- ROOT\vendor\cakephp\bake\src\Command\ModelCommand.php:99
- ROOT\vendor\cakephp\bake\src\Command\AllCommand.php:116
- CORE\src\Console\BaseCommand.php:204
- CORE\src\Console\CommandRunner.php:330
- CORE\src\Console\CommandRunner.php:168
- ROOT\bin\cake.php:10
- [main]:

Caused by: [Cake\Database\Exception\QueryException] SQLSTATE[42S02]: Base table or view not found: 1146 Table 'sleep_tracker.menus' doesn't exist in C:\xampp\htdocs\my_sleep_appli\vendor\cakephp\cakephp\src\Database\Driver.php on line 383
Stack Trace:
- CORE\src\Database\Driver.php:330
- CORE\src\Database\Driver.php:296
- CORE\src\Database\Connection.php:268
- CORE\src\Core\Retry\CommandRetry.php:71
- CORE\src\Database\Connection.php:268
- CORE\src\Database\Schema\Collection.php:156
- CORE\src\Database\Schema\Collection.php:116
- CORE\src\ORM\Table.php:546
- ROOT\vendor\cakephp\bake\src\Command\ModelCommand.php:116
- ROOT\vendor\cakephp\bake\src\Command\ModelCommand.php:99
- ROOT\vendor\cakephp\bake\src\Command\AllCommand.php:116
- CORE\src\Console\BaseCommand.php:204
- CORE\src\Console\CommandRunner.php:330
- CORE\src\Console\CommandRunner.php:168
- ROOT\bin\cake.php:10
- [main]:

Caused by: [PDOException] SQLSTATE[42S02]: Base table or view not found: 1146 Table 'sleep_tracker.menus' doesn't exist in C:\xampp\htdocs\my_sleep_appli\vendor\cakephp\cakephp\src\Database\Statement\Statement.php on line 146
Stack Trace:
- CORE\src\Database\Statement\Statement.php:146
- CORE\src\Database\Driver.php:328
- CORE\src\Database\Driver.php:296
- CORE\src\Database\Connection.php:268
- CORE\src\Core\Retry\CommandRetry.php:71
- CORE\src\Database\Connection.php:268
- CORE\src\Database\Schema\Collection.php:156
- CORE\src\Database\Schema\Collection.php:116
- CORE\src\ORM\Table.php:546
- ROOT\vendor\cakephp\bake\src\Command\ModelCommand.php:116
- ROOT\vendor\cakephp\bake\src\Command\ModelCommand.php:99
- ROOT\vendor\cakephp\bake\src\Command\AllCommand.php:116
- CORE\src\Console\BaseCommand.php:204
- CORE\src\Console\CommandRunner.php:330
- CORE\src\Console\CommandRunner.php:168
- ROOT\bin\cake.php:10
- [main]:

